<?xml version="1.0" encoding="UTF-8"?>
<testng-results ignored="0" total="1" passed="1" failed="0" skipped="0">
  <reporter-output>
  </reporter-output>
  <suite started-at="2025-12-10T10:50:36 IST" name="runners.TestRunner" finished-at="2025-12-10T10:50:43 IST" duration-ms="6959">
    <groups>
      <group name="cucumber">
        <method signature="AbstractTestNGCucumberTests.runScenario(io.cucumber.testng.PickleWrapper,io.cucumber.testng.FeatureWrapper)[pri:0, instance:runners.TestRunner@21507a04]" name="runScenario" class="io.cucumber.testng.AbstractTestNGCucumberTests"/>
      </group> <!-- cucumber -->
    </groups>
    <test started-at="2025-12-10T10:50:36 IST" name="Command line test" finished-at="2025-12-10T10:50:43 IST" duration-ms="6959">
      <class name="runners.TestRunner">
        <test-method is-config="true" signature="setUpClass(org.testng.ITestContext)[pri:0, instance:runners.TestRunner@21507a04]" started-at="2025-12-10T10:50:36 IST" name="setUpClass" finished-at="2025-12-10T10:50:37 IST" duration-ms="576" status="PASS">
          <params>
            <param index="0">
              <value>
                <![CDATA[org.testng.TestRunner@45792847]]>
              </value>
            </param>
          </params>
          <reporter-output>
          </reporter-output>
        </test-method> <!-- setUpClass -->
        <test-method signature="runScenario(io.cucumber.testng.PickleWrapper,io.cucumber.testng.FeatureWrapper)[pri:0, instance:runners.TestRunner@21507a04]" started-at="2025-12-10T10:50:37 IST" name="runScenario" description="Runs Cucumber Scenarios" data-provider="scenarios" finished-at="2025-12-10T10:50:43 IST" duration-ms="6245" status="PASS">
          <params>
            <param index="0">
              <value>
                <![CDATA["Open Google page"]]>
              </value>
            </param>
            <param index="1">
              <value>
                <![CDATA["Launch Application"]]>
              </value>
            </param>
          </params>
          <reporter-output>
          </reporter-output>
        </test-method> <!-- runScenario -->
        <test-method is-config="true" signature="tearDownClass()[pri:0, instance:runners.TestRunner@21507a04]" started-at="2025-12-10T10:50:43 IST" name="tearDownClass" finished-at="2025-12-10T10:50:43 IST" duration-ms="85" status="PASS">
          <reporter-output>
          </reporter-output>
        </test-method> <!-- tearDownClass -->
      </class> <!-- runners.TestRunner -->
    </test> <!-- Command line test -->
  </suite> <!-- runners.TestRunner -->
</testng-results>
